<?xml version="1.0" encoding="UTF-8"?>
<!-- Generated by org.testng.reporters.JUnitReportReporter -->
<testsuite hostname="Lokesh" failures="0" tests="1" name="script.Testcase3" time="0.010" errors="0" timestamp="2023-10-18T17:11:14 IST" skipped="0">
  <testcase classname="script.Testcase3" name="tc1" time="0.010"/>
  <system-out>
hello java  </system-out>
</testsuite> <!-- script.Testcase3 -->
