<?xml version="1.0" encoding="UTF-8"?>
<!-- Generated by org.testng.reporters.JUnitReportReporter -->
<testsuite hostname="Lokesh" failures="0" tests="1" name="script.Testcase1" time="0.003" errors="0" timestamp="2023-10-18T18:01:51 IST" skipped="0">
  <testcase classname="script.Testcase1" name="tc1" time="0.003"/>
  <system-out>
hello selenium  </system-out>
</testsuite> <!-- script.Testcase1 -->
