<?xml version="1.0" encoding="UTF-8"?>
<!-- Generated by org.testng.reporters.JUnitReportReporter -->
<testsuite hostname="Lokesh" failures="0" tests="1" name="script.Testcase2" time="0.002" errors="0" timestamp="2023-10-18T17:11:14 IST" skipped="0">
  <testcase classname="script.Testcase2" name="tc2" time="0.002"/>
  <system-out>
hello python  </system-out>
</testsuite> <!-- script.Testcase2 -->
